{"/Users/steveg/trim/alexa-starter/__tests__/helpers.ts": {"path":"/Users/steveg/trim/alexa-starter/__tests__/helpers.ts","statementMap":{"0":{"start":{"line":2,"column":0},"end":{"line":2,"column":43}},"1":{"start":{"line":17,"column":4},"end":{"line":17,"column":31}},"2":{"start":{"line":16,"column":0},"end":{"line":16,"column":16}},"3":{"start":{"line":27,"column":4},"end":{"line":32,"column":7}},"4":{"start":{"line":28,"column":8},"end":{"line":31,"column":11}},"5":{"start":{"line":29,"column":12},"end":{"line":29,"column":40}},"6":{"start":{"line":29,"column":21},"end":{"line":29,"column":40}},"7":{"start":{"line":30,"column":12},"end":{"line":30,"column":32}},"8":{"start":{"line":26,"column":0},"end":{"line":26,"column":16}},"9":{"start":{"line":41,"column":4},"end":{"line":47,"column":7}},"10":{"start":{"line":40,"column":0},"end":{"line":40,"column":16}},"11":{"start":{"line":59,"column":4},"end":{"line":67,"column":26}},"12":{"start":{"line":55,"column":0},"end":{"line":55,"column":16}},"13":{"start":{"line":79,"column":4},"end":{"line":90,"column":7}},"14":{"start":{"line":75,"column":0},"end":{"line":75,"column":16}},"15":{"start":{"line":116,"column":4},"end":{"line":162,"column":7}},"16":{"start":{"line":129,"column":24},"end":{"line":129,"column":26}},"17":{"start":{"line":131,"column":20},"end":{"line":156,"column":null}},"18":{"start":{"line":132,"column":37},"end":{"line":132,"column":60}},"19":{"start":{"line":133,"column":24},"end":{"line":155,"column":null}},"20":{"start":{"line":145,"column":44},"end":{"line":150,"column":46}},"21":{"start":{"line":157,"column":20},"end":{"line":157,"column":33}},"22":{"start":{"line":98,"column":0},"end":{"line":98,"column":16}}},"fnMap":{"0":{"name":"partial","decl":{"start":{"line":16,"column":16},"end":{"line":16,"column":23}},"loc":{"start":{"line":16,"column":48},"end":{"line":18,"column":1}}},"1":{"name":"skill","decl":{"start":{"line":26,"column":16},"end":{"line":26,"column":21}},"loc":{"start":{"line":26,"column":44},"end":{"line":33,"column":1}}},"2":{"name":"(anonymous_2)","decl":{"start":{"line":27,"column":23},"end":{"line":27,"column":24}},"loc":{"start":{"line":27,"column":43},"end":{"line":32,"column":5}}},"3":{"name":"(anonymous_3)","decl":{"start":{"line":28,"column":36},"end":{"line":28,"column":37}},"loc":{"start":{"line":28,"column":49},"end":{"line":31,"column":9}}},"4":{"name":"ssml","decl":{"start":{"line":40,"column":16},"end":{"line":40,"column":20}},"loc":{"start":{"line":40,"column":45},"end":{"line":48,"column":1}}},"5":{"name":"RequestWithType","decl":{"start":{"line":55,"column":16},"end":{"line":55,"column":31}},"loc":{"start":{"line":58,"column":1},"end":{"line":68,"column":1}}},"6":{"name":"RequestWithIntent","decl":{"start":{"line":75,"column":16},"end":{"line":75,"column":33}},"loc":{"start":{"line":78,"column":1},"end":{"line":91,"column":1}}},"7":{"name":"CreateIntentRequest","decl":{"start":{"line":98,"column":16},"end":{"line":98,"column":35}},"loc":{"start":{"line":115,"column":1},"end":{"line":163,"column":1}}},"8":{"name":"(anonymous_8)","decl":{"start":{"line":126,"column":42},"end":{"line":126,"column":45}},"loc":{"start":{"line":126,"column":47},"end":{"line":158,"column":17}}},"9":{"name":"(anonymous_9)","decl":{"start":{"line":144,"column":102},"end":{"line":144,"column":103}},"loc":{"start":{"line":144,"column":111},"end":{"line":151,"column":41}}}},"branchMap":{"0":{"loc":{"start":{"line":29,"column":12},"end":{"line":29,"column":40}},"type":"if","locations":[{"start":{"line":29,"column":12},"end":{"line":29,"column":40}},{"start":{"line":29,"column":12},"end":{"line":29,"column":40}}]},"1":{"loc":{"start":{"line":126,"column":41},"end":{"line":158,"column":20}},"type":"cond-expr","locations":[{"start":{"line":126,"column":41},"end":{"line":158,"column":20}},{"start":{"line":158,"column":23},"end":{"line":158,"column":32}}]},"2":{"loc":{"start":{"line":135,"column":48},"end":{"line":135,"column":58}},"type":"cond-expr","locations":[{"start":{"line":135,"column":48},"end":{"line":135,"column":58}},{"start":{"line":135,"column":61},"end":{"line":135,"column":63}}]},"3":{"loc":{"start":{"line":136,"column":74},"end":{"line":136,"column":97}},"type":"cond-expr","locations":[{"start":{"line":136,"column":74},"end":{"line":136,"column":97}},{"start":{"line":136,"column":100},"end":{"line":136,"column":106}}]},"4":{"loc":{"start":{"line":137,"column":60},"end":{"line":154,"column":30}},"type":"cond-expr","locations":[{"start":{"line":137,"column":60},"end":{"line":154,"column":30}},{"start":{"line":154,"column":32},"end":{"line":154,"column":41}}]},"5":{"loc":{"start":{"line":144,"column":74},"end":{"line":151,"column":42}},"type":"cond-expr","locations":[{"start":{"line":144,"column":74},"end":{"line":151,"column":42}},{"start":{"line":151,"column":45},"end":{"line":151,"column":47}}]},"6":{"loc":{"start":{"line":148,"column":66},"end":{"line":148,"column":73}},"type":"cond-expr","locations":[{"start":{"line":148,"column":66},"end":{"line":148,"column":73}},{"start":{"line":148,"column":76},"end":{"line":148,"column":78}}]},"7":{"loc":{"start":{"line":160,"column":49},"end":{"line":160,"column":68}},"type":"cond-expr","locations":[{"start":{"line":160,"column":49},"end":{"line":160,"column":68}},{"start":{"line":160,"column":71},"end":{"line":160,"column":80}}]}},"s":{"0":4,"1":14,"2":4,"3":7,"4":7,"5":7,"6":0,"7":7,"8":4,"9":7,"10":4,"11":1,"12":4,"13":6,"14":4,"15":0,"16":0,"17":0,"18":0,"19":0,"20":0,"21":0,"22":4},"f":{"0":14,"1":7,"2":7,"3":7,"4":7,"5":1,"6":6,"7":0,"8":0,"9":0},"b":{"0":[0,7],"1":[0,0],"2":[0,0],"3":[0,0],"4":[0,0],"5":[0,0],"6":[0,0],"7":[0,0]}}
,"/Users/steveg/trim/alexa-starter/lambda/custom/index.ts": {"path":"/Users/steveg/trim/alexa-starter/lambda/custom/index.ts","statementMap":{"0":{"start":{"line":1,"column":0},"end":{"line":1,"column":38}},"1":{"start":{"line":2,"column":0},"end":{"line":2,"column":37}},"2":{"start":{"line":3,"column":0},"end":{"line":3,"column":35}},"3":{"start":{"line":4,"column":0},"end":{"line":4,"column":47}},"4":{"start":{"line":5,"column":0},"end":{"line":5,"column":48}},"5":{"start":{"line":7,"column":13},"end":{"line":30,"column":14}}},"fnMap":{},"branchMap":{},"s":{"0":4,"1":4,"2":4,"3":4,"4":4,"5":4},"f":{},"b":{}}
,"/Users/steveg/trim/alexa-starter/lambda/custom/errors/Unexpected.ts": {"path":"/Users/steveg/trim/alexa-starter/lambda/custom/errors/Unexpected.ts","statementMap":{"0":{"start":{"line":2,"column":0},"end":{"line":2,"column":54}},"1":{"start":{"line":3,"column":0},"end":{"line":3,"column":55}},"2":{"start":{"line":9,"column":13},"end":{"line":22,"column":2}},"3":{"start":{"line":11,"column":8},"end":{"line":11,"column":52}},"4":{"start":{"line":14,"column":8},"end":{"line":14,"column":55}},"5":{"start":{"line":16,"column":22},"end":{"line":16,"column":56}},"6":{"start":{"line":18,"column":8},"end":{"line":20,"column":27}}},"fnMap":{"0":{"name":"(anonymous_0)","decl":{"start":{"line":10,"column":4},"end":{"line":10,"column":13}},"loc":{"start":{"line":10,"column":22},"end":{"line":12,"column":5}}},"1":{"name":"(anonymous_1)","decl":{"start":{"line":13,"column":4},"end":{"line":13,"column":10}},"loc":{"start":{"line":13,"column":30},"end":{"line":21,"column":5}}}},"branchMap":{},"s":{"0":4,"1":4,"2":4,"3":0,"4":0,"5":0,"6":0},"f":{"0":0,"1":0},"b":{}}
,"/Users/steveg/trim/alexa-starter/lambda/custom/errors/Unknown.ts": {"path":"/Users/steveg/trim/alexa-starter/lambda/custom/errors/Unknown.ts","statementMap":{"0":{"start":{"line":2,"column":0},"end":{"line":2,"column":54}},"1":{"start":{"line":3,"column":0},"end":{"line":3,"column":43}},"2":{"start":{"line":9,"column":13},"end":{"line":25,"column":2}},"3":{"start":{"line":11,"column":8},"end":{"line":11,"column":20}},"4":{"start":{"line":14,"column":8},"end":{"line":14,"column":55}},"5":{"start":{"line":16,"column":22},"end":{"line":16,"column":56}},"6":{"start":{"line":18,"column":27},"end":{"line":18,"column":47}},"7":{"start":{"line":20,"column":8},"end":{"line":23,"column":27}}},"fnMap":{"0":{"name":"(anonymous_0)","decl":{"start":{"line":10,"column":4},"end":{"line":10,"column":13}},"loc":{"start":{"line":10,"column":13},"end":{"line":12,"column":5}}},"1":{"name":"(anonymous_1)","decl":{"start":{"line":13,"column":4},"end":{"line":13,"column":10}},"loc":{"start":{"line":13,"column":30},"end":{"line":24,"column":5}}}},"branchMap":{},"s":{"0":4,"1":4,"2":4,"3":1,"4":1,"5":1,"6":1,"7":1},"f":{"0":1,"1":1},"b":{}}
,"/Users/steveg/trim/alexa-starter/lambda/custom/errors/index.ts": {"path":"/Users/steveg/trim/alexa-starter/lambda/custom/errors/index.ts","statementMap":{"0":{"start":{"line":1,"column":0},"end":{"line":1,"column":26}},"1":{"start":{"line":2,"column":0},"end":{"line":2,"column":29}}},"fnMap":{},"branchMap":{},"s":{"0":4,"1":4},"f":{},"b":{}}
,"/Users/steveg/trim/alexa-starter/lambda/custom/intents/Debug.ts": {"path":"/Users/steveg/trim/alexa-starter/lambda/custom/intents/Debug.ts","statementMap":{"0":{"start":{"line":3,"column":13},"end":{"line":13,"column":2}},"1":{"start":{"line":5,"column":8},"end":{"line":5,"column":59}},"2":{"start":{"line":7,"column":8},"end":{"line":7,"column":21}},"3":{"start":{"line":10,"column":8},"end":{"line":11,"column":27}}},"fnMap":{"0":{"name":"(anonymous_0)","decl":{"start":{"line":4,"column":4},"end":{"line":4,"column":13}},"loc":{"start":{"line":4,"column":26},"end":{"line":8,"column":5}}},"1":{"name":"(anonymous_1)","decl":{"start":{"line":9,"column":4},"end":{"line":9,"column":10}},"loc":{"start":{"line":9,"column":23},"end":{"line":12,"column":5}}}},"branchMap":{},"s":{"0":4,"1":0,"2":0,"3":0},"f":{"0":0,"1":0},"b":{}}
,"/Users/steveg/trim/alexa-starter/lambda/custom/intents/Fallback.ts": {"path":"/Users/steveg/trim/alexa-starter/lambda/custom/intents/Fallback.ts","statementMap":{"0":{"start":{"line":2,"column":0},"end":{"line":2,"column":64}},"1":{"start":{"line":3,"column":0},"end":{"line":3,"column":56}},"2":{"start":{"line":5,"column":13},"end":{"line":19,"column":2}},"3":{"start":{"line":7,"column":8},"end":{"line":7,"column":60}},"4":{"start":{"line":10,"column":22},"end":{"line":10,"column":56}},"5":{"start":{"line":12,"column":27},"end":{"line":12,"column":47}},"6":{"start":{"line":14,"column":8},"end":{"line":17,"column":27}}},"fnMap":{"0":{"name":"(anonymous_0)","decl":{"start":{"line":6,"column":4},"end":{"line":6,"column":13}},"loc":{"start":{"line":6,"column":26},"end":{"line":8,"column":5}}},"1":{"name":"(anonymous_1)","decl":{"start":{"line":9,"column":4},"end":{"line":9,"column":10}},"loc":{"start":{"line":9,"column":23},"end":{"line":18,"column":5}}}},"branchMap":{},"s":{"0":4,"1":4,"2":4,"3":3,"4":1,"5":1,"6":1},"f":{"0":3,"1":1},"b":{}}
,"/Users/steveg/trim/alexa-starter/lambda/custom/intents/Help.ts": {"path":"/Users/steveg/trim/alexa-starter/lambda/custom/intents/Help.ts","statementMap":{"0":{"start":{"line":2,"column":0},"end":{"line":2,"column":64}},"1":{"start":{"line":3,"column":0},"end":{"line":3,"column":56}},"2":{"start":{"line":5,"column":13},"end":{"line":20,"column":2}},"3":{"start":{"line":7,"column":8},"end":{"line":7,"column":56}},"4":{"start":{"line":10,"column":22},"end":{"line":10,"column":56}},"5":{"start":{"line":12,"column":27},"end":{"line":12,"column":46}},"6":{"start":{"line":14,"column":8},"end":{"line":18,"column":27}}},"fnMap":{"0":{"name":"(anonymous_0)","decl":{"start":{"line":6,"column":4},"end":{"line":6,"column":13}},"loc":{"start":{"line":6,"column":26},"end":{"line":8,"column":5}}},"1":{"name":"(anonymous_1)","decl":{"start":{"line":9,"column":4},"end":{"line":9,"column":10}},"loc":{"start":{"line":9,"column":23},"end":{"line":19,"column":5}}}},"branchMap":{},"s":{"0":4,"1":4,"2":4,"3":6,"4":1,"5":1,"6":1},"f":{"0":6,"1":1},"b":{}}
,"/Users/steveg/trim/alexa-starter/lambda/custom/intents/Launch.ts": {"path":"/Users/steveg/trim/alexa-starter/lambda/custom/intents/Launch.ts","statementMap":{"0":{"start":{"line":2,"column":0},"end":{"line":2,"column":57}},"1":{"start":{"line":3,"column":0},"end":{"line":3,"column":62}},"2":{"start":{"line":5,"column":13},"end":{"line":20,"column":2}},"3":{"start":{"line":7,"column":8},"end":{"line":7,"column":57}},"4":{"start":{"line":10,"column":22},"end":{"line":10,"column":56}},"5":{"start":{"line":12,"column":27},"end":{"line":12,"column":49}},"6":{"start":{"line":14,"column":8},"end":{"line":18,"column":27}}},"fnMap":{"0":{"name":"(anonymous_0)","decl":{"start":{"line":6,"column":4},"end":{"line":6,"column":13}},"loc":{"start":{"line":6,"column":26},"end":{"line":8,"column":5}}},"1":{"name":"(anonymous_1)","decl":{"start":{"line":9,"column":4},"end":{"line":9,"column":10}},"loc":{"start":{"line":9,"column":23},"end":{"line":19,"column":5}}}},"branchMap":{},"s":{"0":4,"1":4,"2":4,"3":7,"4":1,"5":1,"6":1},"f":{"0":7,"1":1},"b":{}}
,"/Users/steveg/trim/alexa-starter/lambda/custom/intents/SessionEnded.ts": {"path":"/Users/steveg/trim/alexa-starter/lambda/custom/intents/SessionEnded.ts","statementMap":{"0":{"start":{"line":2,"column":0},"end":{"line":2,"column":40}},"1":{"start":{"line":3,"column":0},"end":{"line":3,"column":48}},"2":{"start":{"line":5,"column":13},"end":{"line":13,"column":2}},"3":{"start":{"line":7,"column":8},"end":{"line":7,"column":63}},"4":{"start":{"line":11,"column":8},"end":{"line":11,"column":58}}},"fnMap":{"0":{"name":"(anonymous_0)","decl":{"start":{"line":6,"column":4},"end":{"line":6,"column":13}},"loc":{"start":{"line":6,"column":26},"end":{"line":8,"column":5}}},"1":{"name":"(anonymous_1)","decl":{"start":{"line":9,"column":4},"end":{"line":9,"column":10}},"loc":{"start":{"line":9,"column":23},"end":{"line":12,"column":5}}}},"branchMap":{},"s":{"0":4,"1":4,"2":4,"3":3,"4":0},"f":{"0":3,"1":0},"b":{}}
,"/Users/steveg/trim/alexa-starter/lambda/custom/intents/Stop.ts": {"path":"/Users/steveg/trim/alexa-starter/lambda/custom/intents/Stop.ts","statementMap":{"0":{"start":{"line":2,"column":0},"end":{"line":2,"column":56}},"1":{"start":{"line":3,"column":0},"end":{"line":3,"column":64}},"2":{"start":{"line":5,"column":13},"end":{"line":19,"column":2}},"3":{"start":{"line":7,"column":8},"end":{"line":7,"column":76}},"4":{"start":{"line":10,"column":22},"end":{"line":10,"column":56}},"5":{"start":{"line":12,"column":27},"end":{"line":12,"column":49}},"6":{"start":{"line":14,"column":8},"end":{"line":17,"column":27}}},"fnMap":{"0":{"name":"(anonymous_0)","decl":{"start":{"line":6,"column":4},"end":{"line":6,"column":13}},"loc":{"start":{"line":6,"column":26},"end":{"line":8,"column":5}}},"1":{"name":"(anonymous_1)","decl":{"start":{"line":9,"column":4},"end":{"line":9,"column":10}},"loc":{"start":{"line":9,"column":23},"end":{"line":18,"column":5}}}},"branchMap":{},"s":{"0":4,"1":4,"2":4,"3":5,"4":2,"5":2,"6":2},"f":{"0":5,"1":2},"b":{}}
,"/Users/steveg/trim/alexa-starter/lambda/custom/intents/SystemExceptionEncountered.ts": {"path":"/Users/steveg/trim/alexa-starter/lambda/custom/intents/SystemExceptionEncountered.ts","statementMap":{"0":{"start":{"line":2,"column":0},"end":{"line":2,"column":48}},"1":{"start":{"line":3,"column":0},"end":{"line":3,"column":40}},"2":{"start":{"line":5,"column":13},"end":{"line":16,"column":2}},"3":{"start":{"line":7,"column":8},"end":{"line":7,"column":77}},"4":{"start":{"line":10,"column":8},"end":{"line":10,"column":78}},"5":{"start":{"line":11,"column":8},"end":{"line":11,"column":82}},"6":{"start":{"line":13,"column":8},"end":{"line":14,"column":27}}},"fnMap":{"0":{"name":"(anonymous_0)","decl":{"start":{"line":6,"column":4},"end":{"line":6,"column":13}},"loc":{"start":{"line":6,"column":26},"end":{"line":8,"column":5}}},"1":{"name":"(anonymous_1)","decl":{"start":{"line":9,"column":4},"end":{"line":9,"column":10}},"loc":{"start":{"line":9,"column":23},"end":{"line":15,"column":5}}}},"branchMap":{},"s":{"0":4,"1":4,"2":4,"3":3,"4":0,"5":0,"6":0},"f":{"0":3,"1":0},"b":{}}
,"/Users/steveg/trim/alexa-starter/lambda/custom/intents/index.ts": {"path":"/Users/steveg/trim/alexa-starter/lambda/custom/intents/index.ts","statementMap":{"0":{"start":{"line":1,"column":0},"end":{"line":1,"column":25}},"1":{"start":{"line":2,"column":0},"end":{"line":2,"column":23}},"2":{"start":{"line":3,"column":0},"end":{"line":3,"column":23}},"3":{"start":{"line":4,"column":0},"end":{"line":4,"column":31}},"4":{"start":{"line":5,"column":0},"end":{"line":5,"column":27}},"5":{"start":{"line":6,"column":0},"end":{"line":6,"column":45}},"6":{"start":{"line":8,"column":0},"end":{"line":8,"column":24}}},"fnMap":{},"branchMap":{},"s":{"0":4,"1":4,"2":4,"3":4,"4":4,"5":4,"6":4},"f":{},"b":{}}
,"/Users/steveg/trim/alexa-starter/lambda/custom/intents/hello/HelloWorld.ts": {"path":"/Users/steveg/trim/alexa-starter/lambda/custom/intents/hello/HelloWorld.ts","statementMap":{"0":{"start":{"line":2,"column":0},"end":{"line":2,"column":67}},"1":{"start":{"line":3,"column":0},"end":{"line":3,"column":59}},"2":{"start":{"line":5,"column":13},"end":{"line":19,"column":2}},"3":{"start":{"line":7,"column":8},"end":{"line":7,"column":62}},"4":{"start":{"line":10,"column":22},"end":{"line":10,"column":56}},"5":{"start":{"line":12,"column":27},"end":{"line":12,"column":47}},"6":{"start":{"line":14,"column":8},"end":{"line":17,"column":27}}},"fnMap":{"0":{"name":"(anonymous_0)","decl":{"start":{"line":6,"column":4},"end":{"line":6,"column":13}},"loc":{"start":{"line":6,"column":26},"end":{"line":8,"column":5}}},"1":{"name":"(anonymous_1)","decl":{"start":{"line":9,"column":4},"end":{"line":9,"column":10}},"loc":{"start":{"line":9,"column":23},"end":{"line":18,"column":5}}}},"branchMap":{},"s":{"0":4,"1":4,"2":4,"3":2,"4":1,"5":1,"6":1},"f":{"0":2,"1":1},"b":{}}
,"/Users/steveg/trim/alexa-starter/lambda/custom/intents/hello/index.ts": {"path":"/Users/steveg/trim/alexa-starter/lambda/custom/intents/hello/index.ts","statementMap":{"0":{"start":{"line":1,"column":0},"end":{"line":1,"column":29}}},"fnMap":{},"branchMap":{},"s":{"0":4},"f":{},"b":{}}
,"/Users/steveg/trim/alexa-starter/lambda/custom/interceptors/Localization.ts": {"path":"/Users/steveg/trim/alexa-starter/lambda/custom/interceptors/Localization.ts","statementMap":{"0":{"start":{"line":2,"column":0},"end":{"line":2,"column":32}},"1":{"start":{"line":3,"column":0},"end":{"line":3,"column":57}},"2":{"start":{"line":4,"column":0},"end":{"line":4,"column":41}},"3":{"start":{"line":6,"column":0},"end":{"line":6,"column":40}},"4":{"start":{"line":13,"column":13},"end":{"line":32,"column":2}},"5":{"start":{"line":15,"column":35},"end":{"line":20,"column":10}},"6":{"start":{"line":22,"column":27},"end":{"line":22,"column":101}},"7":{"start":{"line":23,"column":8},"end":{"line":25,"column":10}},"8":{"start":{"line":24,"column":12},"end":{"line":24,"column":74}},"9":{"start":{"line":26,"column":8},"end":{"line":30,"column":10}},"10":{"start":{"line":27,"column":27},"end":{"line":27,"column":64}},"11":{"start":{"line":29,"column":12},"end":{"line":29,"column":34}}},"fnMap":{"0":{"name":"(anonymous_0)","decl":{"start":{"line":14,"column":4},"end":{"line":14,"column":11}},"loc":{"start":{"line":14,"column":24},"end":{"line":31,"column":5}}},"1":{"name":"(anonymous_1)","decl":{"start":{"line":23,"column":23},"end":{"line":23,"column":33}},"loc":{"start":{"line":23,"column":47},"end":{"line":25,"column":9}}},"2":{"name":"(anonymous_2)","decl":{"start":{"line":26,"column":24},"end":{"line":26,"column":34}},"loc":{"start":{"line":26,"column":42},"end":{"line":30,"column":9}}}},"branchMap":{},"s":{"0":4,"1":4,"2":4,"3":4,"4":4,"5":7,"6":7,"7":7,"8":13,"9":7,"10":0,"11":0},"f":{"0":7,"1":13,"2":0},"b":{}}
,"/Users/steveg/trim/alexa-starter/lambda/custom/interceptors/Slots.ts": {"path":"/Users/steveg/trim/alexa-starter/lambda/custom/interceptors/Slots.ts","statementMap":{"0":{"start":{"line":3,"column":0},"end":{"line":3,"column":48}},"1":{"start":{"line":4,"column":0},"end":{"line":4,"column":47}},"2":{"start":{"line":9,"column":13},"end":{"line":19,"column":2}},"3":{"start":{"line":11,"column":27},"end":{"line":11,"column":101}},"4":{"start":{"line":13,"column":8},"end":{"line":17,"column":null}},"5":{"start":{"line":14,"column":12},"end":{"line":14,"column":96}},"6":{"start":{"line":16,"column":12},"end":{"line":16,"column":34}}},"fnMap":{"0":{"name":"(anonymous_0)","decl":{"start":{"line":10,"column":4},"end":{"line":10,"column":11}},"loc":{"start":{"line":10,"column":24},"end":{"line":18,"column":5}}}},"branchMap":{"0":{"loc":{"start":{"line":13,"column":8},"end":{"line":17,"column":null}},"type":"if","locations":[{"start":{"line":13,"column":8},"end":{"line":17,"column":null}},{"start":{"line":13,"column":8},"end":{"line":17,"column":null}}]}},"s":{"0":4,"1":4,"2":4,"3":7,"4":7,"5":6,"6":1},"f":{"0":7},"b":{"0":[6,1]}}
,"/Users/steveg/trim/alexa-starter/lambda/custom/interceptors/index.ts": {"path":"/Users/steveg/trim/alexa-starter/lambda/custom/interceptors/index.ts","statementMap":{"0":{"start":{"line":1,"column":0},"end":{"line":1,"column":31}},"1":{"start":{"line":2,"column":0},"end":{"line":2,"column":24}}},"fnMap":{},"branchMap":{},"s":{"0":4,"1":4},"f":{},"b":{}}
,"/Users/steveg/trim/alexa-starter/lambda/custom/lib/constants.ts": {"path":"/Users/steveg/trim/alexa-starter/lambda/custom/lib/constants.ts","statementMap":{"0":{"start":{"line":1,"column":0},"end":{"line":1,"column":null}},"1":{"start":{"line":2,"column":4},"end":{"line":2,"column":null}},"2":{"start":{"line":3,"column":4},"end":{"line":3,"column":null}},"3":{"start":{"line":4,"column":4},"end":{"line":4,"column":null}},"4":{"start":{"line":5,"column":4},"end":{"line":5,"column":null}},"5":{"start":{"line":8,"column":0},"end":{"line":8,"column":null}},"6":{"start":{"line":9,"column":4},"end":{"line":9,"column":null}},"7":{"start":{"line":10,"column":4},"end":{"line":10,"column":null}},"8":{"start":{"line":11,"column":4},"end":{"line":11,"column":null}},"9":{"start":{"line":12,"column":4},"end":{"line":12,"column":null}},"10":{"start":{"line":14,"column":4},"end":{"line":14,"column":null}},"11":{"start":{"line":17,"column":0},"end":{"line":17,"column":null}},"12":{"start":{"line":18,"column":4},"end":{"line":18,"column":null}},"13":{"start":{"line":19,"column":4},"end":{"line":19,"column":null}},"14":{"start":{"line":22,"column":0},"end":{"line":22,"column":null}},"15":{"start":{"line":23,"column":4},"end":{"line":23,"column":null}},"16":{"start":{"line":24,"column":4},"end":{"line":24,"column":null}},"17":{"start":{"line":25,"column":4},"end":{"line":25,"column":null}},"18":{"start":{"line":26,"column":4},"end":{"line":26,"column":null}},"19":{"start":{"line":27,"column":4},"end":{"line":27,"column":null}},"20":{"start":{"line":28,"column":4},"end":{"line":28,"column":null}},"21":{"start":{"line":29,"column":4},"end":{"line":29,"column":null}},"22":{"start":{"line":30,"column":4},"end":{"line":30,"column":null}},"23":{"start":{"line":31,"column":4},"end":{"line":31,"column":null}},"24":{"start":{"line":32,"column":4},"end":{"line":32,"column":null}},"25":{"start":{"line":35,"column":0},"end":{"line":35,"column":null}},"26":{"start":{"line":36,"column":4},"end":{"line":36,"column":null}},"27":{"start":{"line":37,"column":4},"end":{"line":37,"column":null}},"28":{"start":{"line":38,"column":4},"end":{"line":38,"column":null}},"29":{"start":{"line":39,"column":4},"end":{"line":39,"column":null}},"30":{"start":{"line":40,"column":4},"end":{"line":40,"column":null}},"31":{"start":{"line":41,"column":4},"end":{"line":41,"column":null}},"32":{"start":{"line":42,"column":4},"end":{"line":42,"column":null}}},"fnMap":{"0":{"name":"(anonymous_0)","decl":{"start":{"line":1,"column":0},"end":{"line":1,"column":12}},"loc":{"start":{"line":1,"column":24},"end":{"line":6,"column":1}}},"1":{"name":"(anonymous_1)","decl":{"start":{"line":8,"column":0},"end":{"line":8,"column":12}},"loc":{"start":{"line":8,"column":23},"end":{"line":15,"column":1}}},"2":{"name":"(anonymous_2)","decl":{"start":{"line":17,"column":0},"end":{"line":17,"column":12}},"loc":{"start":{"line":17,"column":22},"end":{"line":20,"column":1}}},"3":{"name":"(anonymous_3)","decl":{"start":{"line":22,"column":0},"end":{"line":22,"column":12}},"loc":{"start":{"line":22,"column":23},"end":{"line":33,"column":1}}},"4":{"name":"(anonymous_4)","decl":{"start":{"line":35,"column":0},"end":{"line":35,"column":12}},"loc":{"start":{"line":35,"column":19},"end":{"line":43,"column":1}}}},"branchMap":{"0":{"loc":{"start":{"line":1,"column":12},"end":{"line":1,"column":24}},"type":"binary-expr","locations":[{"start":{"line":1,"column":12},"end":{"line":1,"column":24}},{"start":{"line":1,"column":12},"end":{"line":1,"column":null}}]},"1":{"loc":{"start":{"line":8,"column":12},"end":{"line":8,"column":23}},"type":"binary-expr","locations":[{"start":{"line":8,"column":12},"end":{"line":8,"column":23}},{"start":{"line":8,"column":12},"end":{"line":8,"column":null}}]},"2":{"loc":{"start":{"line":17,"column":12},"end":{"line":17,"column":22}},"type":"binary-expr","locations":[{"start":{"line":17,"column":12},"end":{"line":17,"column":22}},{"start":{"line":17,"column":12},"end":{"line":17,"column":null}}]},"3":{"loc":{"start":{"line":22,"column":12},"end":{"line":22,"column":23}},"type":"binary-expr","locations":[{"start":{"line":22,"column":12},"end":{"line":22,"column":23}},{"start":{"line":22,"column":12},"end":{"line":22,"column":null}}]},"4":{"loc":{"start":{"line":35,"column":12},"end":{"line":35,"column":19}},"type":"binary-expr","locations":[{"start":{"line":35,"column":12},"end":{"line":35,"column":19}},{"start":{"line":35,"column":12},"end":{"line":35,"column":null}}]}},"s":{"0":4,"1":4,"2":4,"3":4,"4":4,"5":4,"6":4,"7":4,"8":4,"9":4,"10":4,"11":4,"12":4,"13":4,"14":4,"15":4,"16":4,"17":4,"18":4,"19":4,"20":4,"21":4,"22":4,"23":4,"24":4,"25":4,"26":4,"27":4,"28":4,"29":4,"30":4,"31":4,"32":4},"f":{"0":4,"1":4,"2":4,"3":4,"4":4},"b":{"0":[4,4],"1":[4,4],"2":[4,4],"3":[4,4],"4":[4,4]}}
,"/Users/steveg/trim/alexa-starter/lambda/custom/lib/helpers.ts": {"path":"/Users/steveg/trim/alexa-starter/lambda/custom/lib/helpers.ts","statementMap":{"0":{"start":{"line":4,"column":0},"end":{"line":4,"column":55}},"1":{"start":{"line":13,"column":4},"end":{"line":19,"column":null}},"2":{"start":{"line":14,"column":8},"end":{"line":18,"column":null}},"3":{"start":{"line":14,"column":21},"end":{"line":14,"column":22}},"4":{"start":{"line":15,"column":12},"end":{"line":17,"column":null}},"5":{"start":{"line":16,"column":16},"end":{"line":16,"column":28}},"6":{"start":{"line":20,"column":4},"end":{"line":20,"column":17}},"7":{"start":{"line":12,"column":0},"end":{"line":12,"column":16}},"8":{"start":{"line":30,"column":4},"end":{"line":34,"column":null}},"9":{"start":{"line":30,"column":17},"end":{"line":30,"column":18}},"10":{"start":{"line":31,"column":8},"end":{"line":33,"column":null}},"11":{"start":{"line":32,"column":12},"end":{"line":32,"column":24}},"12":{"start":{"line":35,"column":4},"end":{"line":35,"column":17}},"13":{"start":{"line":29,"column":0},"end":{"line":29,"column":16}},"14":{"start":{"line":46,"column":4},"end":{"line":48,"column":70}},"15":{"start":{"line":45,"column":0},"end":{"line":45,"column":16}},"16":{"start":{"line":58,"column":4},"end":{"line":60,"column":76}},"17":{"start":{"line":57,"column":0},"end":{"line":57,"column":16}},"18":{"start":{"line":70,"column":4},"end":{"line":70,"column":70}},"19":{"start":{"line":69,"column":0},"end":{"line":69,"column":16}},"20":{"start":{"line":79,"column":4},"end":{"line":79,"column":86}},"21":{"start":{"line":78,"column":0},"end":{"line":78,"column":16}},"22":{"start":{"line":88,"column":4},"end":{"line":88,"column":86}},"23":{"start":{"line":87,"column":0},"end":{"line":87,"column":16}},"24":{"start":{"line":97,"column":4},"end":{"line":97,"column":74}},"25":{"start":{"line":96,"column":0},"end":{"line":96,"column":16}},"26":{"start":{"line":109,"column":4},"end":{"line":114,"column":null}},"27":{"start":{"line":110,"column":21},"end":{"line":110,"column":51}},"28":{"start":{"line":111,"column":8},"end":{"line":113,"column":null}},"29":{"start":{"line":112,"column":12},"end":{"line":112,"column":28}},"30":{"start":{"line":108,"column":0},"end":{"line":108,"column":16}},"31":{"start":{"line":125,"column":4},"end":{"line":136,"column":null}},"32":{"start":{"line":126,"column":24},"end":{"line":126,"column":60}},"33":{"start":{"line":129,"column":8},"end":{"line":135,"column":11}},"34":{"start":{"line":130,"column":25},"end":{"line":130,"column":35}},"35":{"start":{"line":132,"column":12},"end":{"line":134,"column":null}},"36":{"start":{"line":133,"column":16},"end":{"line":133,"column":51}},"37":{"start":{"line":124,"column":0},"end":{"line":124,"column":16}},"38":{"start":{"line":186,"column":35},"end":{"line":186,"column":37}},"39":{"start":{"line":188,"column":4},"end":{"line":249,"column":null}},"40":{"start":{"line":189,"column":8},"end":{"line":248,"column":11}},"41":{"start":{"line":190,"column":25},"end":{"line":190,"column":47}},"42":{"start":{"line":191,"column":26},"end":{"line":191,"column":49}},"43":{"start":{"line":192,"column":39},"end":{"line":192,"column":75}},"44":{"start":{"line":194,"column":12},"end":{"line":247,"column":null}},"45":{"start":{"line":200,"column":16},"end":{"line":239,"column":null}},"46":{"start":{"line":202,"column":46},"end":{"line":202,"column":111}},"47":{"start":{"line":204,"column":24},"end":{"line":216,"column":null}},"48":{"start":{"line":205,"column":28},"end":{"line":214,"column":30}},"49":{"start":{"line":212,"column":76},"end":{"line":212,"column":94}},"50":{"start":{"line":215,"column":28},"end":{"line":215,"column":34}},"51":{"start":{"line":218,"column":24},"end":{"line":227,"column":26}},"52":{"start":{"line":228,"column":24},"end":{"line":228,"column":30}},"53":{"start":{"line":230,"column":24},"end":{"line":235,"column":26}},"54":{"start":{"line":236,"column":24},"end":{"line":236,"column":30}},"55":{"start":{"line":238,"column":24},"end":{"line":238,"column":30}},"56":{"start":{"line":241,"column":16},"end":{"line":246,"column":18}},"57":{"start":{"line":251,"column":4},"end":{"line":251,"column":22}},"58":{"start":{"line":185,"column":0},"end":{"line":185,"column":16}},"59":{"start":{"line":260,"column":4},"end":{"line":260,"column":65}},"60":{"start":{"line":259,"column":0},"end":{"line":259,"column":16}},"61":{"start":{"line":273,"column":18},"end":{"line":273,"column":32}},"62":{"start":{"line":274,"column":4},"end":{"line":274,"column":22}},"63":{"start":{"line":276,"column":4},"end":{"line":276,"column":17}},"64":{"start":{"line":269,"column":0},"end":{"line":269,"column":16}},"65":{"start":{"line":285,"column":4},"end":{"line":285,"column":55}},"66":{"start":{"line":284,"column":0},"end":{"line":284,"column":16}},"67":{"start":{"line":295,"column":22},"end":{"line":295,"column":68}},"68":{"start":{"line":297,"column":4},"end":{"line":305,"column":6}},"69":{"start":{"line":294,"column":0},"end":{"line":294,"column":16}}},"fnMap":{"0":{"name":"IsIntent","decl":{"start":{"line":12,"column":16},"end":{"line":12,"column":24}},"loc":{"start":{"line":12,"column":73},"end":{"line":21,"column":1}}},"1":{"name":"IsType","decl":{"start":{"line":29,"column":16},"end":{"line":29,"column":22}},"loc":{"start":{"line":29,"column":69},"end":{"line":36,"column":1}}},"2":{"name":"IsIntentWithDialogState","decl":{"start":{"line":45,"column":16},"end":{"line":45,"column":39}},"loc":{"start":{"line":45,"column":97},"end":{"line":49,"column":1}}},"3":{"name":"IsIntentWithIncompleteDialog","decl":{"start":{"line":57,"column":16},"end":{"line":57,"column":44}},"loc":{"start":{"line":57,"column":87},"end":{"line":61,"column":1}}},"4":{"name":"IsIntentWithCompleteDialog","decl":{"start":{"line":69,"column":16},"end":{"line":69,"column":42}},"loc":{"start":{"line":69,"column":85},"end":{"line":71,"column":1}}},"5":{"name":"GetRequestAttributes","decl":{"start":{"line":78,"column":16},"end":{"line":78,"column":36}},"loc":{"start":{"line":78,"column":63},"end":{"line":80,"column":1}}},"6":{"name":"GetSessionAttributes","decl":{"start":{"line":87,"column":16},"end":{"line":87,"column":36}},"loc":{"start":{"line":87,"column":63},"end":{"line":89,"column":1}}},"7":{"name":"GetDirectiveServiceClient","decl":{"start":{"line":96,"column":16},"end":{"line":96,"column":41}},"loc":{"start":{"line":96,"column":68},"end":{"line":98,"column":1}}},"8":{"name":"ResetSlotValue","decl":{"start":{"line":108,"column":16},"end":{"line":108,"column":30}},"loc":{"start":{"line":108,"column":71},"end":{"line":115,"column":1}}},"9":{"name":"ResetUnmatchedSlotValues","decl":{"start":{"line":124,"column":16},"end":{"line":124,"column":40}},"loc":{"start":{"line":124,"column":86},"end":{"line":137,"column":1}}},"10":{"name":"(anonymous_10)","decl":{"start":{"line":129,"column":35},"end":{"line":129,"column":36}},"loc":{"start":{"line":129,"column":43},"end":{"line":135,"column":9}}},"11":{"name":"GetSlotValues","decl":{"start":{"line":185,"column":16},"end":{"line":185,"column":29}},"loc":{"start":{"line":185,"column":49},"end":{"line":252,"column":1}}},"12":{"name":"(anonymous_12)","decl":{"start":{"line":189,"column":41},"end":{"line":189,"column":42}},"loc":{"start":{"line":189,"column":50},"end":{"line":248,"column":9}}},"13":{"name":"(anonymous_13)","decl":{"start":{"line":212,"column":58},"end":{"line":212,"column":59}},"loc":{"start":{"line":212,"column":76},"end":{"line":212,"column":94}}},"14":{"name":"Interject","decl":{"start":{"line":259,"column":16},"end":{"line":259,"column":25}},"loc":{"start":{"line":259,"column":37},"end":{"line":261,"column":1}}},"15":{"name":"CreateError","decl":{"start":{"line":269,"column":16},"end":{"line":269,"column":27}},"loc":{"start":{"line":271,"column":37},"end":{"line":277,"column":1}}},"16":{"name":"Random","decl":{"start":{"line":284,"column":16},"end":{"line":284,"column":22}},"loc":{"start":{"line":284,"column":34},"end":{"line":286,"column":1}}},"17":{"name":"VoicePlayerSpeakDirective","decl":{"start":{"line":294,"column":16},"end":{"line":294,"column":41}},"loc":{"start":{"line":294,"column":85},"end":{"line":306,"column":1}}}},"branchMap":{"0":{"loc":{"start":{"line":13,"column":4},"end":{"line":19,"column":null}},"type":"if","locations":[{"start":{"line":13,"column":4},"end":{"line":19,"column":null}},{"start":{"line":13,"column":4},"end":{"line":19,"column":null}}]},"1":{"loc":{"start":{"line":15,"column":12},"end":{"line":17,"column":null}},"type":"if","locations":[{"start":{"line":15,"column":12},"end":{"line":17,"column":null}},{"start":{"line":15,"column":12},"end":{"line":17,"column":null}}]},"2":{"loc":{"start":{"line":31,"column":8},"end":{"line":33,"column":null}},"type":"if","locations":[{"start":{"line":31,"column":8},"end":{"line":33,"column":null}},{"start":{"line":31,"column":8},"end":{"line":33,"column":null}}]},"3":{"loc":{"start":{"line":46,"column":11},"end":{"line":46,"column":76}},"type":"binary-expr","locations":[{"start":{"line":46,"column":11},"end":{"line":46,"column":76}},{"start":{"line":47,"column":11},"end":{"line":47,"column":70}},{"start":{"line":48,"column":11},"end":{"line":48,"column":69}}]},"4":{"loc":{"start":{"line":58,"column":11},"end":{"line":58,"column":76}},"type":"binary-expr","locations":[{"start":{"line":58,"column":11},"end":{"line":58,"column":76}},{"start":{"line":59,"column":11},"end":{"line":59,"column":70}},{"start":{"line":60,"column":11},"end":{"line":60,"column":75}}]},"5":{"loc":{"start":{"line":109,"column":4},"end":{"line":114,"column":null}},"type":"if","locations":[{"start":{"line":109,"column":4},"end":{"line":114,"column":null}},{"start":{"line":109,"column":4},"end":{"line":114,"column":null}}]},"6":{"loc":{"start":{"line":111,"column":8},"end":{"line":113,"column":null}},"type":"if","locations":[{"start":{"line":111,"column":8},"end":{"line":113,"column":null}},{"start":{"line":111,"column":8},"end":{"line":113,"column":null}}]},"7":{"loc":{"start":{"line":125,"column":4},"end":{"line":136,"column":null}},"type":"if","locations":[{"start":{"line":125,"column":4},"end":{"line":136,"column":null}},{"start":{"line":125,"column":4},"end":{"line":136,"column":null}}]},"8":{"loc":{"start":{"line":132,"column":12},"end":{"line":134,"column":null}},"type":"if","locations":[{"start":{"line":132,"column":12},"end":{"line":134,"column":null}},{"start":{"line":132,"column":12},"end":{"line":134,"column":null}}]},"9":{"loc":{"start":{"line":132,"column":16},"end":{"line":132,"column":20}},"type":"binary-expr","locations":[{"start":{"line":132,"column":16},"end":{"line":132,"column":20}},{"start":{"line":132,"column":24},"end":{"line":132,"column":37}}]},"10":{"loc":{"start":{"line":188,"column":4},"end":{"line":249,"column":null}},"type":"if","locations":[{"start":{"line":188,"column":4},"end":{"line":249,"column":null}},{"start":{"line":188,"column":4},"end":{"line":249,"column":null}}]},"11":{"loc":{"start":{"line":194,"column":12},"end":{"line":247,"column":null}},"type":"if","locations":[{"start":{"line":194,"column":12},"end":{"line":247,"column":null}},{"start":{"line":194,"column":12},"end":{"line":247,"column":null}}]},"12":{"loc":{"start":{"line":194,"column":16},"end":{"line":194,"column":33}},"type":"binary-expr","locations":[{"start":{"line":194,"column":16},"end":{"line":194,"column":33}},{"start":{"line":195,"column":16},"end":{"line":195,"column":45}},{"start":{"line":196,"column":16},"end":{"line":196,"column":70}},{"start":{"line":197,"column":16},"end":{"line":197,"column":74}},{"start":{"line":198,"column":16},"end":{"line":198,"column":81}},{"start":{"line":199,"column":16},"end":{"line":199,"column":86}}]},"13":{"loc":{"start":{"line":201,"column":20},"end":{"line":228,"column":30}},"type":"switch","locations":[{"start":{"line":201,"column":20},"end":{"line":228,"column":30}},{"start":{"line":229,"column":20},"end":{"line":236,"column":30}},{"start":{"line":237,"column":20},"end":{"line":238,"column":30}}]},"14":{"loc":{"start":{"line":204,"column":24},"end":{"line":216,"column":null}},"type":"if","locations":[{"start":{"line":204,"column":24},"end":{"line":216,"column":null}},{"start":{"line":204,"column":24},"end":{"line":216,"column":null}}]},"15":{"loc":{"start":{"line":270,"column":18},"end":{"line":270,"column":50}},"type":"default-arg","locations":[{"start":{"line":270,"column":18},"end":{"line":270,"column":50}}]},"16":{"loc":{"start":{"line":271,"column":19},"end":{"line":271,"column":37}},"type":"default-arg","locations":[{"start":{"line":271,"column":19},"end":{"line":271,"column":37}}]}},"s":{"0":4,"1":16,"2":16,"3":16,"4":20,"5":5,"6":11,"7":4,"8":13,"9":13,"10":13,"11":1,"12":12,"13":4,"14":0,"15":4,"16":0,"17":4,"18":0,"19":4,"20":7,"21":4,"22":0,"23":4,"24":0,"25":4,"26":0,"27":0,"28":0,"29":0,"30":4,"31":0,"32":0,"33":0,"34":0,"35":0,"36":0,"37":4,"38":6,"39":6,"40":0,"41":0,"42":0,"43":0,"44":0,"45":0,"46":0,"47":0,"48":0,"49":0,"50":0,"51":0,"52":0,"53":0,"54":0,"55":0,"56":0,"57":6,"58":4,"59":0,"60":4,"61":0,"62":0,"63":0,"64":4,"65":0,"66":4,"67":0,"68":0,"69":4},"f":{"0":16,"1":13,"2":0,"3":0,"4":0,"5":7,"6":0,"7":0,"8":0,"9":0,"10":0,"11":6,"12":0,"13":0,"14":0,"15":0,"16":0,"17":0},"b":{"0":[16,0],"1":[5,15],"2":[1,12],"3":[0,0,0],"4":[0,0,0],"5":[0,0],"6":[0,0],"7":[0,0],"8":[0,0],"9":[0,0],"10":[0,6],"11":[0,0],"12":[0,0,0,0,0,0],"13":[0,0,0],"14":[0,0],"15":[0],"16":[0]}}
,"/Users/steveg/trim/alexa-starter/lambda/custom/lib/strings.ts": {"path":"/Users/steveg/trim/alexa-starter/lambda/custom/lib/strings.ts","statementMap":{"0":{"start":{"line":2,"column":0},"end":{"line":2,"column":51}},"1":{"start":{"line":14,"column":13},"end":{"line":26,"column":2}}},"fnMap":{},"branchMap":{},"s":{"0":4,"1":4},"f":{},"b":{}}
}
