TN:
SF:/Users/steveg/trim/alexa-starter/__tests__/helpers.ts
FN:16,partial
FN:26,skill
FN:27,(anonymous_2)
FN:28,(anonymous_3)
FN:40,ssml
FN:55,RequestWithType
FN:75,RequestWithIntent
FN:98,CreateIntentRequest
FN:126,(anonymous_8)
FN:144,(anonymous_9)
FNF:10
FNH:7
FNDA:14,partial
FNDA:7,skill
FNDA:7,(anonymous_2)
FNDA:7,(anonymous_3)
FNDA:7,ssml
FNDA:1,RequestWithType
FNDA:6,RequestWithIntent
FNDA:0,CreateIntentRequest
FNDA:0,(anonymous_8)
FNDA:0,(anonymous_9)
DA:2,4
DA:16,4
DA:17,14
DA:26,4
DA:27,7
DA:28,7
DA:29,7
DA:30,7
DA:40,4
DA:41,7
DA:55,4
DA:59,1
DA:75,4
DA:79,6
DA:98,4
DA:116,0
DA:129,0
DA:131,0
DA:132,0
DA:133,0
DA:145,0
DA:157,0
LF:22
LH:15
BRDA:29,0,0,0
BRDA:29,0,1,7
BRDA:126,1,0,0
BRDA:126,1,1,0
BRDA:135,2,0,0
BRDA:135,2,1,0
BRDA:136,3,0,0
BRDA:136,3,1,0
BRDA:137,4,0,0
BRDA:137,4,1,0
BRDA:144,5,0,0
BRDA:144,5,1,0
BRDA:148,6,0,0
BRDA:148,6,1,0
BRDA:160,7,0,0
BRDA:160,7,1,0
BRF:16
BRH:1
end_of_record
TN:
SF:/Users/steveg/trim/alexa-starter/lambda/custom/index.ts
FNF:0
FNH:0
DA:1,4
DA:2,4
DA:3,4
DA:4,4
DA:5,4
DA:7,4
LF:6
LH:6
BRF:0
BRH:0
end_of_record
TN:
SF:/Users/steveg/trim/alexa-starter/lambda/custom/errors/Unexpected.ts
FN:10,(anonymous_0)
FN:13,(anonymous_1)
FNF:2
FNH:0
FNDA:0,(anonymous_0)
FNDA:0,(anonymous_1)
DA:2,4
DA:3,4
DA:9,4
DA:11,0
DA:14,0
DA:16,0
DA:18,0
LF:7
LH:3
BRF:0
BRH:0
end_of_record
TN:
SF:/Users/steveg/trim/alexa-starter/lambda/custom/errors/Unknown.ts
FN:10,(anonymous_0)
FN:13,(anonymous_1)
FNF:2
FNH:2
FNDA:1,(anonymous_0)
FNDA:1,(anonymous_1)
DA:2,4
DA:3,4
DA:9,4
DA:11,1
DA:14,1
DA:16,1
DA:18,1
DA:20,1
LF:8
LH:8
BRF:0
BRH:0
end_of_record
TN:
SF:/Users/steveg/trim/alexa-starter/lambda/custom/errors/index.ts
FNF:0
FNH:0
DA:1,4
DA:2,4
LF:2
LH:2
BRF:0
BRH:0
end_of_record
TN:
SF:/Users/steveg/trim/alexa-starter/lambda/custom/intents/Debug.ts
FN:4,(anonymous_0)
FN:9,(anonymous_1)
FNF:2
FNH:0
FNDA:0,(anonymous_0)
FNDA:0,(anonymous_1)
DA:3,4
DA:5,0
DA:7,0
DA:10,0
LF:4
LH:1
BRF:0
BRH:0
end_of_record
TN:
SF:/Users/steveg/trim/alexa-starter/lambda/custom/intents/Fallback.ts
FN:6,(anonymous_0)
FN:9,(anonymous_1)
FNF:2
FNH:2
FNDA:3,(anonymous_0)
FNDA:1,(anonymous_1)
DA:2,4
DA:3,4
DA:5,4
DA:7,3
DA:10,1
DA:12,1
DA:14,1
LF:7
LH:7
BRF:0
BRH:0
end_of_record
TN:
SF:/Users/steveg/trim/alexa-starter/lambda/custom/intents/Help.ts
FN:6,(anonymous_0)
FN:9,(anonymous_1)
FNF:2
FNH:2
FNDA:6,(anonymous_0)
FNDA:1,(anonymous_1)
DA:2,4
DA:3,4
DA:5,4
DA:7,6
DA:10,1
DA:12,1
DA:14,1
LF:7
LH:7
BRF:0
BRH:0
end_of_record
TN:
SF:/Users/steveg/trim/alexa-starter/lambda/custom/intents/Launch.ts
FN:6,(anonymous_0)
FN:9,(anonymous_1)
FNF:2
FNH:2
FNDA:7,(anonymous_0)
FNDA:1,(anonymous_1)
DA:2,4
DA:3,4
DA:5,4
DA:7,7
DA:10,1
DA:12,1
DA:14,1
LF:7
LH:7
BRF:0
BRH:0
end_of_record
TN:
SF:/Users/steveg/trim/alexa-starter/lambda/custom/intents/SessionEnded.ts
FN:6,(anonymous_0)
FN:9,(anonymous_1)
FNF:2
FNH:1
FNDA:3,(anonymous_0)
FNDA:0,(anonymous_1)
DA:2,4
DA:3,4
DA:5,4
DA:7,3
DA:11,0
LF:5
LH:4
BRF:0
BRH:0
end_of_record
TN:
SF:/Users/steveg/trim/alexa-starter/lambda/custom/intents/Stop.ts
FN:6,(anonymous_0)
FN:9,(anonymous_1)
FNF:2
FNH:2
FNDA:5,(anonymous_0)
FNDA:2,(anonymous_1)
DA:2,4
DA:3,4
DA:5,4
DA:7,5
DA:10,2
DA:12,2
DA:14,2
LF:7
LH:7
BRF:0
BRH:0
end_of_record
TN:
SF:/Users/steveg/trim/alexa-starter/lambda/custom/intents/SystemExceptionEncountered.ts
FN:6,(anonymous_0)
FN:9,(anonymous_1)
FNF:2
FNH:1
FNDA:3,(anonymous_0)
FNDA:0,(anonymous_1)
DA:2,4
DA:3,4
DA:5,4
DA:7,3
DA:10,0
DA:11,0
DA:13,0
LF:7
LH:4
BRF:0
BRH:0
end_of_record
TN:
SF:/Users/steveg/trim/alexa-starter/lambda/custom/intents/index.ts
FNF:0
FNH:0
DA:1,4
DA:2,4
DA:3,4
DA:4,4
DA:5,4
DA:6,4
DA:8,4
LF:7
LH:7
BRF:0
BRH:0
end_of_record
TN:
SF:/Users/steveg/trim/alexa-starter/lambda/custom/intents/hello/HelloWorld.ts
FN:6,(anonymous_0)
FN:9,(anonymous_1)
FNF:2
FNH:2
FNDA:2,(anonymous_0)
FNDA:1,(anonymous_1)
DA:2,4
DA:3,4
DA:5,4
DA:7,2
DA:10,1
DA:12,1
DA:14,1
LF:7
LH:7
BRF:0
BRH:0
end_of_record
TN:
SF:/Users/steveg/trim/alexa-starter/lambda/custom/intents/hello/index.ts
FNF:0
FNH:0
DA:1,4
LF:1
LH:1
BRF:0
BRH:0
end_of_record
TN:
SF:/Users/steveg/trim/alexa-starter/lambda/custom/interceptors/Localization.ts
FN:14,(anonymous_0)
FN:23,(anonymous_1)
FN:26,(anonymous_2)
FNF:3
FNH:2
FNDA:7,(anonymous_0)
FNDA:13,(anonymous_1)
FNDA:0,(anonymous_2)
DA:2,4
DA:3,4
DA:4,4
DA:6,4
DA:13,4
DA:15,7
DA:22,7
DA:23,7
DA:24,13
DA:26,7
DA:27,0
DA:29,0
LF:12
LH:10
BRF:0
BRH:0
end_of_record
TN:
SF:/Users/steveg/trim/alexa-starter/lambda/custom/interceptors/Slots.ts
FN:10,(anonymous_0)
FNF:1
FNH:1
FNDA:7,(anonymous_0)
DA:3,4
DA:4,4
DA:9,4
DA:11,7
DA:13,7
DA:14,6
DA:16,1
LF:7
LH:7
BRDA:13,0,0,6
BRDA:13,0,1,1
BRF:2
BRH:2
end_of_record
TN:
SF:/Users/steveg/trim/alexa-starter/lambda/custom/interceptors/index.ts
FNF:0
FNH:0
DA:1,4
DA:2,4
LF:2
LH:2
BRF:0
BRH:0
end_of_record
TN:
SF:/Users/steveg/trim/alexa-starter/lambda/custom/lib/constants.ts
FN:1,(anonymous_0)
FN:8,(anonymous_1)
FN:17,(anonymous_2)
FN:22,(anonymous_3)
FN:35,(anonymous_4)
FNF:5
FNH:5
FNDA:4,(anonymous_0)
FNDA:4,(anonymous_1)
FNDA:4,(anonymous_2)
FNDA:4,(anonymous_3)
FNDA:4,(anonymous_4)
DA:1,4
DA:2,4
DA:3,4
DA:4,4
DA:5,4
DA:8,4
DA:9,4
DA:10,4
DA:11,4
DA:12,4
DA:14,4
DA:17,4
DA:18,4
DA:19,4
DA:22,4
DA:23,4
DA:24,4
DA:25,4
DA:26,4
DA:27,4
DA:28,4
DA:29,4
DA:30,4
DA:31,4
DA:32,4
DA:35,4
DA:36,4
DA:37,4
DA:38,4
DA:39,4
DA:40,4
DA:41,4
DA:42,4
LF:33
LH:33
BRDA:1,0,0,4
BRDA:1,0,1,4
BRDA:8,1,0,4
BRDA:8,1,1,4
BRDA:17,2,0,4
BRDA:17,2,1,4
BRDA:22,3,0,4
BRDA:22,3,1,4
BRDA:35,4,0,4
BRDA:35,4,1,4
BRF:10
BRH:10
end_of_record
TN:
SF:/Users/steveg/trim/alexa-starter/lambda/custom/lib/helpers.ts
FN:12,IsIntent
FN:29,IsType
FN:45,IsIntentWithDialogState
FN:57,IsIntentWithIncompleteDialog
FN:69,IsIntentWithCompleteDialog
FN:78,GetRequestAttributes
FN:87,GetSessionAttributes
FN:96,GetDirectiveServiceClient
FN:108,ResetSlotValue
FN:124,ResetUnmatchedSlotValues
FN:129,(anonymous_10)
FN:185,GetSlotValues
FN:189,(anonymous_12)
FN:212,(anonymous_13)
FN:259,Interject
FN:269,CreateError
FN:284,Random
FN:294,VoicePlayerSpeakDirective
FNF:18
FNH:4
FNDA:16,IsIntent
FNDA:13,IsType
FNDA:0,IsIntentWithDialogState
FNDA:0,IsIntentWithIncompleteDialog
FNDA:0,IsIntentWithCompleteDialog
FNDA:7,GetRequestAttributes
FNDA:0,GetSessionAttributes
FNDA:0,GetDirectiveServiceClient
FNDA:0,ResetSlotValue
FNDA:0,ResetUnmatchedSlotValues
FNDA:0,(anonymous_10)
FNDA:6,GetSlotValues
FNDA:0,(anonymous_12)
FNDA:0,(anonymous_13)
FNDA:0,Interject
FNDA:0,CreateError
FNDA:0,Random
FNDA:0,VoicePlayerSpeakDirective
DA:4,4
DA:12,4
DA:13,16
DA:14,16
DA:15,20
DA:16,5
DA:20,11
DA:29,4
DA:30,13
DA:31,13
DA:32,1
DA:35,12
DA:45,4
DA:46,0
DA:57,4
DA:58,0
DA:69,4
DA:70,0
DA:78,4
DA:79,7
DA:87,4
DA:88,0
DA:96,4
DA:97,0
DA:108,4
DA:109,0
DA:110,0
DA:111,0
DA:112,0
DA:124,4
DA:125,0
DA:126,0
DA:129,0
DA:130,0
DA:132,0
DA:133,0
DA:185,4
DA:186,6
DA:188,6
DA:189,0
DA:190,0
DA:191,0
DA:192,0
DA:194,0
DA:200,0
DA:202,0
DA:204,0
DA:205,0
DA:212,0
DA:215,0
DA:218,0
DA:228,0
DA:230,0
DA:236,0
DA:238,0
DA:241,0
DA:251,6
DA:259,4
DA:260,0
DA:269,4
DA:273,0
DA:274,0
DA:276,0
DA:284,4
DA:285,0
DA:294,4
DA:295,0
DA:297,0
LF:68
LH:29
BRDA:13,0,0,16
BRDA:13,0,1,0
BRDA:15,1,0,5
BRDA:15,1,1,15
BRDA:31,2,0,1
BRDA:31,2,1,12
BRDA:46,3,0,0
BRDA:46,3,1,0
BRDA:46,3,2,0
BRDA:58,4,0,0
BRDA:58,4,1,0
BRDA:58,4,2,0
BRDA:109,5,0,0
BRDA:109,5,1,0
BRDA:111,6,0,0
BRDA:111,6,1,0
BRDA:125,7,0,0
BRDA:125,7,1,0
BRDA:132,8,0,0
BRDA:132,8,1,0
BRDA:132,9,0,0
BRDA:132,9,1,0
BRDA:188,10,0,0
BRDA:188,10,1,6
BRDA:194,11,0,0
BRDA:194,11,1,0
BRDA:194,12,0,0
BRDA:194,12,1,0
BRDA:194,12,2,0
BRDA:194,12,3,0
BRDA:194,12,4,0
BRDA:194,12,5,0
BRDA:201,13,0,0
BRDA:201,13,1,0
BRDA:201,13,2,0
BRDA:204,14,0,0
BRDA:204,14,1,0
BRDA:270,15,0,0
BRDA:271,16,0,0
BRF:39
BRH:6
end_of_record
TN:
SF:/Users/steveg/trim/alexa-starter/lambda/custom/lib/strings.ts
FNF:0
FNH:0
DA:2,4
DA:14,4
LF:2
LH:2
BRF:0
BRH:0
end_of_record
